current directory: /Users/science/Library/CloudStorage/Dropbox/Serge/Website/jennyballif.github.ioV2.io/vendor/bundle/ruby/3.1.0/gems/http_parser.rb-0.8.0/ext/ruby_http_parser
/Users/science/.rubies/ruby-3.1.3/bin/ruby extconf.rb
creating Makefile

current directory: /Users/science/Library/CloudStorage/Dropbox/Serge/Website/jennyballif.github.ioV2.io/vendor/bundle/ruby/3.1.0/gems/http_parser.rb-0.8.0/ext/ruby_http_parser
make DESTDIR\= sitearchdir\=./.gem.20260123-21723-d5zhtb sitelibdir\=./.gem.20260123-21723-d5zhtb clean

current directory: /Users/science/Library/CloudStorage/Dropbox/Serge/Website/jennyballif.github.ioV2.io/vendor/bundle/ruby/3.1.0/gems/http_parser.rb-0.8.0/ext/ruby_http_parser
make DESTDIR\= sitearchdir\=./.gem.20260123-21723-d5zhtb sitelibdir\=./.gem.20260123-21723-d5zhtb
compiling ruby_http_parser.c
ruby_http_parser.c:365:17: warning: comparison of integers of different signs: 'size_t' (aka 'unsigned long') and 'long' [-Wsign-compare]
    if (nparsed < len)
        ~~~~~~~ ^ ~~~
1 warning generated.
compiling ryah_http_parser.c
linking shared-object ruby_http_parser.bundle
ld: warning: -multiply_defined is obsolete

current directory: /Users/science/Library/CloudStorage/Dropbox/Serge/Website/jennyballif.github.ioV2.io/vendor/bundle/ruby/3.1.0/gems/http_parser.rb-0.8.0/ext/ruby_http_parser
make DESTDIR\= sitearchdir\=./.gem.20260123-21723-d5zhtb sitelibdir\=./.gem.20260123-21723-d5zhtb install
/usr/bin/install -c -m 0755 ruby_http_parser.bundle ./.gem.20260123-21723-d5zhtb

current directory: /Users/science/Library/CloudStorage/Dropbox/Serge/Website/jennyballif.github.ioV2.io/vendor/bundle/ruby/3.1.0/gems/http_parser.rb-0.8.0/ext/ruby_http_parser
make DESTDIR\= sitearchdir\=./.gem.20260123-21723-d5zhtb sitelibdir\=./.gem.20260123-21723-d5zhtb clean
